2022-11-25 16:27:28 INFO  BaseClass:34 - Brower Name :chrome
  2022-11-25 16:27:35 INFO  BaseClass:39 - Application URL :https://www.facebook.com/
  2022-11-25 16:27:44 INFO  BaseClass:41 - checkProfileTextTest Method Runing...
  2022-11-25 16:28:01 INFO  BaseClass:34 - Brower Name :chrome
  2022-11-25 16:28:04 INFO  BaseClass:39 - Application URL :https://www.facebook.com/
  2022-11-25 16:28:13 INFO  BaseClass:51 - clickOnProfileTest Method Runing...
  2022-11-25 16:28:30 INFO  BaseClass:34 - Brower Name :chrome
  2022-11-25 16:28:33 INFO  BaseClass:39 - Application URL :https://www.facebook.com/
  2022-11-25 16:28:42 INFO  BaseClass:60 - FindFriendstextTest Method Runing...
  2022-11-25 16:28:59 INFO  BaseClass:34 - Brower Name :chrome
  2022-11-25 16:29:03 INFO  BaseClass:39 - Application URL :https://www.facebook.com/
  2022-11-25 16:29:12 INFO  BaseClass:70 - FindFriendsVisibleTextTest Method Runing...
  2022-11-25 16:29:29 INFO  BaseClass:34 - Brower Name :chrome
  2022-11-25 16:29:32 INFO  BaseClass:39 - Application URL :https://www.facebook.com/
  2022-11-25 21:15:27 INFO  BaseClass:34 - Brower Name :chrome
  2022-11-25 21:15:35 INFO  BaseClass:39 - Application URL :https://www.facebook.com/
  2022-11-25 21:15:45 INFO  BaseClass:41 - checkProfileTextTest Method Runing...
  2022-11-25 21:16:03 INFO  BaseClass:34 - Brower Name :chrome
  2022-11-25 21:16:07 INFO  BaseClass:39 - Application URL :https://www.facebook.com/
  2022-11-25 21:16:16 INFO  BaseClass:51 - clickOnProfileTest Method Runing...
  2022-11-25 21:16:33 INFO  BaseClass:34 - Brower Name :chrome
  2022-11-25 21:16:37 INFO  BaseClass:39 - Application URL :https://www.facebook.com/
  2022-11-25 21:16:46 INFO  BaseClass:60 - FindFriendstextTest Method Runing...
  2022-11-25 21:16:53 INFO  BaseClass:34 - Brower Name :chrome
  2022-11-25 21:16:57 INFO  BaseClass:39 - Application URL :https://www.facebook.com/
  2022-11-25 21:17:07 INFO  BaseClass:70 - FindFriendsVisibleTextTest Method Runing...
  2022-11-25 21:17:15 INFO  BaseClass:34 - Brower Name :chrome
  2022-11-25 21:17:19 INFO  BaseClass:39 - Application URL :https://www.facebook.com/
  2022-11-25 21:17:29 INFO  BaseClass:79 - createStoryTest Method Runing...
  2022-11-25 21:18:11 INFO  BaseClass:34 - Brower Name :chrome
  2022-11-25 21:18:17 INFO  BaseClass:39 - Application URL :https://www.facebook.com/
  2022-11-25 21:18:21 INFO  BaseClass:40 - LoginPageTitleTest Method Runing...
  2022-11-25 21:18:28 INFO  BaseClass:34 - Brower Name :chrome
  2022-11-25 21:18:31 INFO  BaseClass:39 - Application URL :https://www.facebook.com/
  2022-11-25 21:18:34 INFO  BaseClass:50 - LoginTest Method Runing...
  2022-11-25 21:18:47 INFO  BaseClass:34 - Brower Name :chrome
  2022-11-25 21:18:50 INFO  BaseClass:39 - Application URL :https://www.facebook.com/
  2022-11-25 21:18:54 INFO  BaseClass:59 - forgottPasswordTest Method Runing...
  2022-11-25 21:19:05 INFO  BaseClass:34 - Brower Name :chrome
  2022-11-25 21:19:08 INFO  BaseClass:39 - Application URL :https://www.facebook.com/
  2022-11-25 21:19:12 INFO  BaseClass:74 - mulitipleUserLoginTest Method Runing...
  2022-11-25 21:19:19 INFO  BaseClass:34 - Brower Name :chrome
  2022-11-25 21:19:22 INFO  BaseClass:39 - Application URL :https://www.facebook.com/
  2022-11-25 21:19:26 INFO  BaseClass:74 - mulitipleUserLoginTest Method Runing...
  2022-11-25 21:20:37 INFO  BaseClass:34 - Brower Name :chrome
  2022-11-25 21:20:43 INFO  BaseClass:39 - Application URL :https://www.facebook.com/
  2022-11-25 21:37:49 INFO  BaseClass:34 - Brower Name :chrome
  2022-11-25 21:37:56 INFO  BaseClass:39 - Application URL :https://www.facebook.com/
  2022-11-25 21:41:53 INFO  BaseClass:34 - Brower Name :chrome
  2022-11-25 21:41:59 INFO  BaseClass:39 - Application URL :https://www.facebook.com/
  2022-11-25 23:17:09 INFO  BaseClass:34 - Brower Name :chrome
  2022-11-25 23:17:14 INFO  BaseClass:39 - Application URL :https://www.facebook.com/
  2022-11-25 23:17:22 INFO  BaseClass:41 - checkProfileTextTest Method Runing...
  2022-11-25 23:17:40 INFO  BaseClass:34 - Brower Name :chrome
  2022-11-25 23:17:43 INFO  BaseClass:39 - Application URL :https://www.facebook.com/
  2022-11-25 23:17:51 INFO  BaseClass:51 - clickOnProfileTest Method Runing...
  2022-11-25 23:18:08 INFO  BaseClass:34 - Brower Name :chrome
  2022-11-25 23:18:11 INFO  BaseClass:39 - Application URL :https://www.facebook.com/
  2022-11-25 23:18:19 INFO  BaseClass:60 - FindFriendstextTest Method Runing...
  2022-11-25 23:18:25 INFO  BaseClass:34 - Brower Name :chrome
  2022-11-25 23:18:28 INFO  BaseClass:39 - Application URL :https://www.facebook.com/
  2022-11-25 23:18:36 INFO  BaseClass:70 - FindFriendsVisibleTextTest Method Runing...
  2022-11-25 23:18:44 INFO  BaseClass:34 - Brower Name :chrome
  2022-11-25 23:18:47 INFO  BaseClass:39 - Application URL :https://www.facebook.com/
  2022-11-25 23:18:54 INFO  BaseClass:79 - createStoryTest Method Runing...
  2022-11-25 23:21:16 INFO  BaseClass:34 - Brower Name :chrome
  2022-11-25 23:21:20 INFO  BaseClass:39 - Application URL :https://www.facebook.com/
  2022-11-25 23:21:29 INFO  BaseClass:41 - checkProfileTextTest Method Runing...
  2022-11-25 23:26:49 INFO  BaseClass:34 - Brower Name :chrome
  2022-11-25 23:26:55 INFO  BaseClass:39 - Application URL :https://www.facebook.com/
  2022-11-25 23:27:03 INFO  BaseClass:41 - checkProfileTextTest Method Runing...
  2022-11-25 23:37:59 INFO  BaseClass:34 - Brower Name :chrome
  2022-11-25 23:38:04 INFO  BaseClass:39 - Application URL :https://www.facebook.com/
  2022-11-25 23:39:33 INFO  BaseClass:34 - Brower Name :chrome
  2022-11-25 23:39:38 INFO  BaseClass:39 - Application URL :https://www.facebook.com/
  2022-11-25 23:42:16 INFO  BaseClass:34 - Brower Name :chrome
  2022-11-25 23:42:21 INFO  BaseClass:39 - Application URL :https://www.facebook.com/
  2022-11-25 23:42:29 INFO  BaseClass:41 - checkProfileTextTest Method Runing...
  2022-11-25 23:49:16 INFO  BaseClass:34 - Brower Name :chrome
  2022-11-25 23:49:21 INFO  BaseClass:39 - Application URL :https://www.facebook.com/
  2022-11-25 23:49:29 INFO  BaseClass:79 - createStoryTest Method Runing...
  2022-11-25 23:56:02 INFO  BaseClass:34 - Brower Name :chrome
  2022-11-25 23:56:06 INFO  BaseClass:39 - Application URL :https://www.facebook.com/
  2022-11-25 23:56:14 INFO  BaseClass:79 - createStoryTest Method Runing...
  2022-11-25 23:59:52 INFO  BaseClass:34 - Brower Name :chrome
  2022-11-26 00:00:02 INFO  BaseClass:39 - Application URL :https://www.facebook.com/
  2022-11-26 00:00:10 INFO  BaseClass:70 - FindFriendsVisibleTextTest Method Runing...
  2022-11-26 00:05:33 INFO  BaseClass:34 - Brower Name :chrome
  2022-11-26 00:05:46 INFO  BaseClass:39 - Application URL :https://www.facebook.com/
  2022-11-26 00:05:58 INFO  BaseClass:70 - FindFriendsVisibleTextTest Method Runing...
  2022-11-26 00:06:50 INFO  BaseClass:34 - Brower Name :chrome
  2022-11-26 00:07:03 INFO  BaseClass:39 - Application URL :https://www.facebook.com/
  2022-11-26 00:07:14 INFO  BaseClass:60 - FindFriendstextTest Method Runing...
  2022-11-26 21:01:52 INFO  BaseClass:34 - Brower Name :chrome
  2022-11-26 21:02:04 INFO  BaseClass:39 - Application URL :https://www.facebook.com/
  2022-11-26 21:02:09 INFO  BaseClass:40 - LoginPageTitleTest Method Runing...
  2022-11-26 21:02:19 INFO  BaseClass:34 - Brower Name :chrome
  2022-11-26 21:02:27 INFO  BaseClass:39 - Application URL :https://www.facebook.com/
  2022-11-26 21:02:47 INFO  BaseClass:34 - Brower Name :chrome
  2022-11-26 21:02:55 INFO  BaseClass:39 - Application URL :https://www.facebook.com/
  2022-11-26 21:03:06 INFO  BaseClass:41 - checkProfileTextTest Method Runing...
  2022-11-29 14:41:56 INFO  BaseClass:42 - Brower Name :chrome
  2022-11-29 14:42:03 INFO  BaseClass:47 - Application URL :https://www.facebook.com/
  2022-11-29 14:42:07 INFO  BaseClass:40 - LoginPageTitleTest Method Runing...
  2022-11-29 14:42:32 INFO  BaseClass:42 - Brower Name :chrome
  2022-11-29 14:42:38 INFO  BaseClass:47 - Application URL :https://www.facebook.com/
  2022-11-29 14:42:40 INFO  BaseClass:40 - LoginPageTitleTest Method Runing...
  2022-11-29 14:42:46 INFO  BaseClass:42 - Brower Name :chrome
  2022-11-29 14:42:50 INFO  BaseClass:47 - Application URL :https://www.facebook.com/
  2022-11-29 14:42:53 INFO  BaseClass:50 - LoginTest Method Runing...
  2022-11-29 14:43:06 INFO  BaseClass:42 - Brower Name :chrome
  2022-11-29 14:43:10 INFO  BaseClass:47 - Application URL :https://www.facebook.com/
  2022-11-29 14:43:12 INFO  BaseClass:59 - forgottPasswordTest Method Runing...
  2022-11-29 14:43:20 INFO  BaseClass:42 - Brower Name :chrome
  2022-11-29 14:43:24 INFO  BaseClass:47 - Application URL :https://www.facebook.com/
  2022-11-29 14:43:26 INFO  BaseClass:74 - mulitipleUserLoginTest Method Runing...
  2022-11-29 14:43:32 INFO  BaseClass:42 - Brower Name :chrome
  2022-11-29 14:43:35 INFO  BaseClass:47 - Application URL :https://www.facebook.com/
  2022-11-29 14:43:37 INFO  BaseClass:74 - mulitipleUserLoginTest Method Runing...
  2022-11-29 14:44:53 INFO  BaseClass:42 - Brower Name :chrome
  2022-11-29 14:45:00 INFO  BaseClass:47 - Application URL :https://www.facebook.com/
  2022-11-29 14:45:55 INFO  BaseClass:42 - Brower Name :chrome
  2022-11-29 14:46:01 INFO  BaseClass:47 - Application URL :https://www.facebook.com/
  2022-11-29 14:46:31 INFO  BaseClass:42 - Brower Name :chrome
  2022-11-29 14:46:36 INFO  BaseClass:47 - Application URL :https://www.facebook.com/
  2022-11-29 14:47:15 INFO  BaseClass:42 - Brower Name :chrome
  2022-11-29 14:47:21 INFO  BaseClass:47 - Application URL :https://www.facebook.com/
  2022-11-29 16:05:59 INFO  BaseClass:42 - Brower Name :chrome
  2022-11-29 16:06:05 INFO  BaseClass:47 - Application URL :https://www.facebook.com/
  2022-11-29 16:16:50 INFO  BaseClass:42 - Brower Name :chrome
  2022-11-29 16:16:56 INFO  BaseClass:47 - Application URL :https://www.facebook.com/
  2022-11-29 16:54:46 INFO  BaseClass:42 - Brower Name :chrome
  2022-11-29 16:54:54 INFO  BaseClass:47 - Application URL :https://www.facebook.com/
  2022-11-29 16:55:04 INFO  BaseClass:51 - clickOnProfileTest Method Runing...
  2022-11-29 16:56:29 INFO  BaseClass:42 - Brower Name :chrome
  2022-11-29 16:56:37 INFO  BaseClass:47 - Application URL :https://www.facebook.com/
  2022-11-29 16:56:48 INFO  BaseClass:60 - FindFriendstextTest Method Runing...
  2022-11-29 16:57:25 INFO  BaseClass:42 - Brower Name :chrome
  2022-11-29 16:57:31 INFO  BaseClass:47 - Application URL :https://www.facebook.com/
  2022-11-29 16:57:42 INFO  BaseClass:70 - FindFriendsVisibleTextTest Method Runing...
  2022-11-29 16:59:11 INFO  BaseClass:42 - Brower Name :chrome
  2022-11-29 16:59:18 INFO  BaseClass:47 - Application URL :https://www.facebook.com/
  2022-11-29 16:59:28 INFO  BaseClass:41 - checkProfileTextTest Method Runing...
  2022-11-29 17:00:22 INFO  BaseClass:42 - Brower Name :chrome
  2022-11-29 17:00:28 INFO  BaseClass:47 - Application URL :https://www.facebook.com/
  2022-11-29 17:05:51 INFO  BaseClass:42 - Brower Name :chrome
  2022-11-29 17:05:59 INFO  BaseClass:47 - Application URL :https://www.facebook.com/
  2022-11-29 17:06:04 INFO  BaseClass:40 - LoginPageTitleTest Method Runing...
  2022-11-29 17:06:14 INFO  BaseClass:42 - Brower Name :chrome
  2022-11-29 17:06:18 INFO  BaseClass:47 - Application URL :https://www.facebook.com/
  2022-11-29 17:06:31 INFO  BaseClass:42 - Brower Name :chrome
  2022-11-29 17:06:36 INFO  BaseClass:47 - Application URL :https://www.facebook.com/
  2022-11-29 17:06:45 INFO  BaseClass:41 - checkProfileTextTest Method Runing...
  2022-11-29 18:31:19 INFO  BaseClass:42 - Brower Name :chrome
  2022-11-29 18:31:29 INFO  BaseClass:47 - Application URL :https://www.facebook.com/
  2022-11-29 18:31:38 INFO  BaseClass:51 - clickOnProfileTest Method Runing...
  2022-11-29 18:32:20 INFO  BaseClass:42 - Brower Name :chrome
  2022-11-29 18:32:25 INFO  BaseClass:47 - Application URL :https://www.facebook.com/
  2022-11-29 18:32:34 INFO  BaseClass:51 - clickOnProfileTest Method Runing...
  2022-11-29 18:35:25 INFO  BaseClass:42 - Brower Name :chrome
  2022-11-29 18:35:29 INFO  BaseClass:47 - Application URL :https://www.facebook.com/
  2022-11-29 18:35:38 INFO  BaseClass:51 - clickOnProfileTest Method Runing...
  2022-11-29 18:37:02 INFO  BaseClass:42 - Brower Name :chrome
  2022-11-29 18:37:06 INFO  BaseClass:47 - Application URL :https://www.facebook.com/
  2022-11-29 18:37:14 INFO  BaseClass:51 - clickOnProfileTest Method Runing...
  2022-11-29 18:38:18 INFO  BaseClass:42 - Brower Name :chrome
  2022-11-29 18:38:27 INFO  BaseClass:47 - Application URL :https://www.facebook.com/
  2022-11-29 18:38:35 INFO  BaseClass:51 - onTestFailure Method Runing...
  2022-11-30 08:21:10 INFO  BaseClass:42 - Brower Name :chrome
  2022-11-30 08:21:24 INFO  BaseClass:47 - Application URL :https://www.facebook.com/
  2022-11-30 08:21:28 INFO  BaseClass:40 - LoginPageTitleTest Method Runing...
  2022-11-30 08:21:38 INFO  BaseClass:42 - Brower Name :chrome
  2022-11-30 08:21:45 INFO  BaseClass:47 - Application URL :https://www.facebook.com/
  2022-11-30 08:21:57 INFO  BaseClass:42 - Brower Name :chrome
  2022-11-30 08:22:07 INFO  BaseClass:47 - Application URL :https://www.facebook.com/
  2022-11-30 08:22:17 INFO  BaseClass:41 - checkProfileTextTest Method Runing...
  